<?xml version="1.0" encoding="UTF-8"?>
<!-- Generated by org.testng.reporters.JUnitXMLReporter -->
<testsuite ignored="0" hostname="DESKTOP-BMCLBAC" failures="0" tests="2" name="Error Validations Test" time="10.162" errors="0" timestamp="2026-01-06T14:46:44 IST">
  <testcase classname="shohamkatzav.test.ErrorValidationsTest" name="LoginErrorValidation" time="0.503"/>
  <testcase classname="shohamkatzav.test.ErrorValidationsTest" name="ProductErrorValidation" time="2.644"/>
</testsuite> <!-- Error Validations Test -->
