<?xml version="1.0" encoding="UTF-8"?>
<!-- Generated by org.testng.reporters.JUnitXMLReporter -->
<testsuite ignored="0" hostname="LAPTOP-7BHBVN2E" failures="0" tests="2" name="Error Validations Test" time="16.658" errors="0" timestamp="2025-08-08T18:57:48 IDT">
  <testcase classname="shohamkatzav.test.ErrorValidationsTest" name="LoginErrorValidation" time="0.781"/>
  <testcase classname="shohamkatzav.test.ErrorValidationsTest" name="ProductErrorValidation" time="2.762"/>
</testsuite> <!-- Error Validations Test -->
