<?xml version="1.0" encoding="UTF-8"?>
<!-- Generated by org.testng.reporters.JUnitXMLReporter -->
<testsuite ignored="0" hostname="DESKTOP-BMCLBAC" failures="0" tests="4" name="Submit Order Test" time="23.253" errors="0" timestamp="2026-01-06T14:46:57 IST">
  <testcase classname="shohamkatzav.test.SubmitOrderTest" name="submitOrder" time="3.361"/>
  <testcase classname="shohamkatzav.test.SubmitOrderTest" name="submitOrder" time="3.187"/>
  <testcase classname="shohamkatzav.test.SubmitOrderTest" name="OrderHistoryTest" time="1.521"/>
  <testcase classname="shohamkatzav.test.SubmitOrderTest" name="OrderHistoryTest" time="1.462"/>
</testsuite> <!-- Submit Order Test -->
