<?xml version="1.0" encoding="UTF-8"?>
<!-- Generated by org.testng.reporters.JUnitXMLReporter -->
<testsuite ignored="0" hostname="LAPTOP-7BHBVN2E" failures="0" tests="4" name="Submit Order Test" time="30.853" errors="0" timestamp="2025-08-08T18:58:01 IDT">
  <testcase classname="shohamkatzav.test.SubmitOrderTest" name="submitOrder" time="3.95"/>
  <testcase classname="shohamkatzav.test.SubmitOrderTest" name="submitOrder" time="4.182"/>
  <testcase classname="shohamkatzav.test.SubmitOrderTest" name="OrderHistoryTest" time="1.127"/>
  <testcase classname="shohamkatzav.test.SubmitOrderTest" name="OrderHistoryTest" time="1.092"/>
</testsuite> <!-- Submit Order Test -->
