<?xml version="1.0" encoding="UTF-8"?>
<!-- Generated by org.testng.reporters.JUnitXMLReporter -->
<testsuite ignored="0" hostname="LAPTOP-7BHBVN2E" failures="0" tests="2" name="Error Validations Test" time="13.302" errors="0" timestamp="2025-08-16T14:37:50 IDT">
  <testcase classname="shohamkatzav.test.ErrorValidationsTest" name="LoginErrorValidation" time="0.729"/>
  <testcase classname="shohamkatzav.test.ErrorValidationsTest" name="ProductErrorValidation" time="2.959"/>
</testsuite> <!-- Error Validations Test -->
