<?xml version="1.0" encoding="UTF-8"?>
<!-- Generated by org.testng.reporters.JUnitXMLReporter -->
<testsuite ignored="0" hostname="LAPTOP-7BHBVN2E" failures="0" tests="4" name="Submit Order Test" time="28.202" errors="0" timestamp="2025-08-16T14:38:04 IDT">
  <testcase classname="shohamkatzav.test.SubmitOrderTest" name="submitOrder" time="4.053"/>
  <testcase classname="shohamkatzav.test.SubmitOrderTest" name="submitOrder" time="3.959"/>
  <testcase classname="shohamkatzav.test.SubmitOrderTest" name="OrderHistoryTest" time="1.678"/>
  <testcase classname="shohamkatzav.test.SubmitOrderTest" name="OrderHistoryTest" time="1.659"/>
</testsuite> <!-- Submit Order Test -->
