<?xml version="1.0" encoding="UTF-8"?>
<!-- Generated by org.testng.reporters.JUnitReportReporter -->
<testsuite hostname="DESKTOP-BMCLBAC" failures="0" tests="4" name="shohamkatzav.test.SubmitOrderTest" time="23.086" errors="0" timestamp="2026-01-06T14:46:57 IST" skipped="0">
  <testcase classname="shohamkatzav.test.SubmitOrderTest" name="submitOrder" time="6.482"/>
  <testcase classname="shohamkatzav.test.SubmitOrderTest" name="OrderHistoryTest" time="5.167"/>
  <testcase classname="shohamkatzav.test.SubmitOrderTest" name="submitOrder" time="6.294"/>
  <testcase classname="shohamkatzav.test.SubmitOrderTest" name="OrderHistoryTest" time="5.143"/>
</testsuite> <!-- shohamkatzav.test.SubmitOrderTest -->
