<?xml version="1.0" encoding="UTF-8"?>
<!-- Generated by org.testng.reporters.JUnitReportReporter -->
<testsuite hostname="DESKTOP-BMCLBAC" failures="0" tests="2" name="shohamkatzav.test.ErrorValidationsTest" time="10.132" errors="0" timestamp="2026-01-06T14:46:57 IST" skipped="0">
  <testcase classname="shohamkatzav.test.ErrorValidationsTest" name="ProductErrorValidation" time="6.488"/>
  <testcase classname="shohamkatzav.test.ErrorValidationsTest" name="LoginErrorValidation" time="3.644"/>
</testsuite> <!-- shohamkatzav.test.ErrorValidationsTest -->
